Removed Pin From Net: NetName=+3.3V Pin=R1-2
Removed Pin From Net: NetName=+3.3V Pin=R2-2
Removed Pin From Net: NetName=+3.3V Pin=R3-2
Removed Pin From Net: NetName=PPS Pin=R67-1
Removed Pin From Net: NetName=IRD_OUT Pin=R67-2
Removed Pin From Net: NetName=VCC Pin=R70-1
Removed Pin From Net: NetName=EIGHT3_B_DR Pin=R70-2
Removed Pin From Net: NetName=EIGHT3_C_DR Pin=R71-1
Removed Pin From Net: NetName=VCC Pin=R71-2
Removed Pin From Net: NetName=UART_RX Pin=XP6-1
Removed Pin From Net: NetName=UART_RX Pin=XP6-2
Removed Pin From Net: NetName=VCC Pin=XP6-5
Removed Pin From Net: NetName=VCC Pin=XP6-6
Removed Member From Class: ClassName=EIGHT_29 Member=R67
Removed Member From Class: ClassName=EIGHT_29 Member=R70
Removed Member From Class: ClassName=EIGHT_29 Member=R71
Change Component Comment : Designator=DA1 Old Comment=TLV1117 3.3 New Comment=TLV1117 3.6
Added Pin To Net: NetName=VCC Pin=XP6-1
Added Pin To Net: NetName=VCC Pin=XP6-2
Added Pin To Net: NetName=UART_RX Pin=XP6-5
Added Pin To Net: NetName=UART_RX Pin=XP6-6
Change Net Name : Old Net Name=+3.3V New Net Name=+3.6V
Added Pin To Net: NetName=+3.3V Pin=R1-2
Added Pin To Net: NetName=+3.3V Pin=R2-2
Added Pin To Net: NetName=+3.3V Pin=R3-2
Added Net: Name=+3.3V
Added Member To Class: ClassName=EIGHT_29 Member=Component C13 4,7uF
Added Member To Class: ClassName=EIGHT_29 Member=Component R63 1k
