Removed Pin From Net: NetName=EIGHT1_C_DR Pin=R29-1
Removed Pin From Net: NetName=NetR22_1 Pin=R29-2
Removed Pin From Net: NetName=EIGHT1_D_DR Pin=R30-1
Removed Pin From Net: NetName=NetR23_1 Pin=R30-2
Removed Pin From Net: NetName=EIGHT1_E_DR Pin=R31-1
Removed Pin From Net: NetName=NetR24_1 Pin=R31-2
Removed Pin From Net: NetName=EIGHT1_F_DR Pin=R32-1
Removed Pin From Net: NetName=NetR25_1 Pin=R32-2
Removed Pin From Net: NetName=EIGHT1_G_DR Pin=R33-1
Removed Pin From Net: NetName=NetR26_1 Pin=R33-2
Added Pin To Net: NetName=NetR22_1 Pin=R29-1
Added Pin To Net: NetName=EIGHT1_C_DR Pin=R29-2
Added Pin To Net: NetName=NetR23_1 Pin=R30-1
Added Pin To Net: NetName=EIGHT1_D_DR Pin=R30-2
Added Pin To Net: NetName=NetR24_1 Pin=R31-1
Added Pin To Net: NetName=EIGHT1_E_DR Pin=R31-2
Added Pin To Net: NetName=NetR25_1 Pin=R32-1
Added Pin To Net: NetName=EIGHT1_F_DR Pin=R32-2
Added Pin To Net: NetName=NetR26_1 Pin=R33-1
Added Pin To Net: NetName=EIGHT1_G_DR Pin=R33-2
